

Started GET "/" for 127.0.0.1 at 2015-09-11 14:46:32 -0400
Processing by Rails::WelcomeController#index as HTML
  Rendered /home/kevin/.rvm/gems/ruby-2.1.2/gems/railties-4.1.1/lib/rails/templates/rails/welcome/index.html.erb (1.9ms)
Completed 200 OK in 22ms (Views: 9.1ms | ActiveRecord: 0.0ms)


Started GET "/" for 127.0.0.1 at 2015-09-11 14:52:38 -0400

ActiveRecord::PendingMigrationError (

Migrations are pending. To resolve this issue, run:

	bin/rake db:migrate RAILS_ENV=development

):
  activerecord (4.1.1) lib/active_record/migration.rb:389:in `check_pending!'
  activerecord (4.1.1) lib/active_record/migration.rb:377:in `call'
  actionpack (4.1.1) lib/action_dispatch/middleware/callbacks.rb:29:in `block in call'
  activesupport (4.1.1) lib/active_support/callbacks.rb:82:in `run_callbacks'
  actionpack (4.1.1) lib/action_dispatch/middleware/callbacks.rb:27:in `call'
  actionpack (4.1.1) lib/action_dispatch/middleware/reloader.rb:73:in `call'
  actionpack (4.1.1) lib/action_dispatch/middleware/remote_ip.rb:76:in `call'
  actionpack (4.1.1) lib/action_dispatch/middleware/debug_exceptions.rb:17:in `call'
  actionpack (4.1.1) lib/action_dispatch/middleware/show_exceptions.rb:30:in `call'
  railties (4.1.1) lib/rails/rack/logger.rb:38:in `call_app'
  railties (4.1.1) lib/rails/rack/logger.rb:20:in `block in call'
  activesupport (4.1.1) lib/active_support/tagged_logging.rb:68:in `block in tagged'
  activesupport (4.1.1) lib/active_support/tagged_logging.rb:26:in `tagged'
  activesupport (4.1.1) lib/active_support/tagged_logging.rb:68:in `tagged'
  railties (4.1.1) lib/rails/rack/logger.rb:20:in `call'
  actionpack (4.1.1) lib/action_dispatch/middleware/request_id.rb:21:in `call'
  rack (1.5.5) lib/rack/methodoverride.rb:21:in `call'
  rack (1.5.5) lib/rack/runtime.rb:17:in `call'
  activesupport (4.1.1) lib/active_support/cache/strategy/local_cache_middleware.rb:26:in `call'
  rack (1.5.5) lib/rack/lock.rb:17:in `call'
  actionpack (4.1.1) lib/action_dispatch/middleware/static.rb:64:in `call'
  rack (1.5.5) lib/rack/sendfile.rb:112:in `call'
  railties (4.1.1) lib/rails/engine.rb:514:in `call'
  railties (4.1.1) lib/rails/application.rb:144:in `call'
  rack (1.5.5) lib/rack/lock.rb:17:in `call'
  rack (1.5.5) lib/rack/content_length.rb:14:in `call'
  rack (1.5.5) lib/rack/handler/webrick.rb:60:in `service'
  /home/kevin/.rvm/rubies/ruby-2.1.2/lib/ruby/2.1.0/webrick/httpserver.rb:138:in `service'
  /home/kevin/.rvm/rubies/ruby-2.1.2/lib/ruby/2.1.0/webrick/httpserver.rb:94:in `run'
  /home/kevin/.rvm/rubies/ruby-2.1.2/lib/ruby/2.1.0/webrick/server.rb:295:in `block in start_thread'


  Rendered /home/kevin/.rvm/gems/ruby-2.1.2/gems/actionpack-4.1.1/lib/action_dispatch/middleware/templates/rescues/_source.erb (0.7ms)
  Rendered /home/kevin/.rvm/gems/ruby-2.1.2/gems/actionpack-4.1.1/lib/action_dispatch/middleware/templates/rescues/_trace.html.erb (1.2ms)
  Rendered /home/kevin/.rvm/gems/ruby-2.1.2/gems/actionpack-4.1.1/lib/action_dispatch/middleware/templates/rescues/_request_and_response.html.erb (1.3ms)
  Rendered /home/kevin/.rvm/gems/ruby-2.1.2/gems/actionpack-4.1.1/lib/action_dispatch/middleware/templates/rescues/diagnostics.erb within rescues/layout (20.2ms)
  [1m[36m (6.8ms)[0m  [1mCREATE TABLE "schema_migrations" ("version" varchar(255) NOT NULL) [0m
  [1m[35m (0.1ms)[0m  select sqlite_version(*)
  [1m[36m (6.0ms)[0m  [1mCREATE UNIQUE INDEX "unique_schema_migrations" ON "schema_migrations" ("version")[0m
  [1m[35mActiveRecord::SchemaMigration Load (0.1ms)[0m  SELECT "schema_migrations".* FROM "schema_migrations"
Migrating to CreateEvents (20150911185152)
  [1m[36m (0.1ms)[0m  [1mbegin transaction[0m
  [1m[35m (0.5ms)[0m  CREATE TABLE "events" ("id" INTEGER PRIMARY KEY AUTOINCREMENT NOT NULL, "status" varchar(255), "htmlLink" varchar(255), "summary" varchar(255), "description" varchar(255), "startDate" date, "startDateTime" datetime, "startTimeZone" varchar(255), "endDate" date, "endDateTime" datetime, "endTimeZone" varchar(255), "endTimeUnspecified" boolean, "recurrence" varchar(255), "created_at" datetime, "updated_at" datetime) 
  [1m[36mSQL (0.2ms)[0m  [1mINSERT INTO "schema_migrations" ("version") VALUES (?)[0m  [["version", "20150911185152"]]
  [1m[35m (6.1ms)[0m  commit transaction
Migrating to CreateTasks (20150911185221)
  [1m[36m (0.1ms)[0m  [1mbegin transaction[0m
  [1m[35m (0.4ms)[0m  CREATE TABLE "tasks" ("id" INTEGER PRIMARY KEY AUTOINCREMENT NOT NULL, "event_id" integer, "name" varchar(255), "description" text, "is_complete" boolean, "created_at" datetime, "updated_at" datetime) 
  [1m[36mSQL (0.2ms)[0m  [1mINSERT INTO "schema_migrations" ("version") VALUES (?)[0m  [["version", "20150911185221"]]
  [1m[35m (4.9ms)[0m  commit transaction
  [1m[36mActiveRecord::SchemaMigration Load (0.1ms)[0m  [1mSELECT "schema_migrations".* FROM "schema_migrations"[0m


Started GET "/" for 127.0.0.1 at 2015-09-11 14:53:05 -0400
  [1m[36mActiveRecord::SchemaMigration Load (0.2ms)[0m  [1mSELECT "schema_migrations".* FROM "schema_migrations"[0m
Processing by Rails::WelcomeController#index as HTML
  Rendered /home/kevin/.rvm/gems/ruby-2.1.2/gems/railties-4.1.1/lib/rails/templates/rails/welcome/index.html.erb (1.8ms)
Completed 200 OK in 20ms (Views: 7.3ms | ActiveRecord: 0.0ms)


Started GET "/task/new" for 127.0.0.1 at 2015-09-11 14:53:11 -0400

ActionController::RoutingError (No route matches [GET] "/task/new"):
  actionpack (4.1.1) lib/action_dispatch/middleware/debug_exceptions.rb:21:in `call'
  actionpack (4.1.1) lib/action_dispatch/middleware/show_exceptions.rb:30:in `call'
  railties (4.1.1) lib/rails/rack/logger.rb:38:in `call_app'
  railties (4.1.1) lib/rails/rack/logger.rb:20:in `block in call'
  activesupport (4.1.1) lib/active_support/tagged_logging.rb:68:in `block in tagged'
  activesupport (4.1.1) lib/active_support/tagged_logging.rb:26:in `tagged'
  activesupport (4.1.1) lib/active_support/tagged_logging.rb:68:in `tagged'
  railties (4.1.1) lib/rails/rack/logger.rb:20:in `call'
  actionpack (4.1.1) lib/action_dispatch/middleware/request_id.rb:21:in `call'
  rack (1.5.5) lib/rack/methodoverride.rb:21:in `call'
  rack (1.5.5) lib/rack/runtime.rb:17:in `call'
  activesupport (4.1.1) lib/active_support/cache/strategy/local_cache_middleware.rb:26:in `call'
  rack (1.5.5) lib/rack/lock.rb:17:in `call'
  actionpack (4.1.1) lib/action_dispatch/middleware/static.rb:64:in `call'
  rack (1.5.5) lib/rack/sendfile.rb:112:in `call'
  railties (4.1.1) lib/rails/engine.rb:514:in `call'
  railties (4.1.1) lib/rails/application.rb:144:in `call'
  rack (1.5.5) lib/rack/lock.rb:17:in `call'
  rack (1.5.5) lib/rack/content_length.rb:14:in `call'
  rack (1.5.5) lib/rack/handler/webrick.rb:60:in `service'
  /home/kevin/.rvm/rubies/ruby-2.1.2/lib/ruby/2.1.0/webrick/httpserver.rb:138:in `service'
  /home/kevin/.rvm/rubies/ruby-2.1.2/lib/ruby/2.1.0/webrick/httpserver.rb:94:in `run'
  /home/kevin/.rvm/rubies/ruby-2.1.2/lib/ruby/2.1.0/webrick/server.rb:295:in `block in start_thread'


  Rendered /home/kevin/.rvm/gems/ruby-2.1.2/gems/actionpack-4.1.1/lib/action_dispatch/middleware/templates/rescues/_trace.html.erb (1.6ms)
  Rendered /home/kevin/.rvm/gems/ruby-2.1.2/gems/actionpack-4.1.1/lib/action_dispatch/middleware/templates/routes/_route.html.erb (2.1ms)
  Rendered /home/kevin/.rvm/gems/ruby-2.1.2/gems/actionpack-4.1.1/lib/action_dispatch/middleware/templates/routes/_table.html.erb (7.5ms)
  Rendered /home/kevin/.rvm/gems/ruby-2.1.2/gems/actionpack-4.1.1/lib/action_dispatch/middleware/templates/rescues/routing_error.html.erb within rescues/layout (36.0ms)


Started GET "/tasks/new" for 127.0.0.1 at 2015-09-11 14:53:19 -0400
Processing by TasksController#new as HTML
  Rendered tasks/_form.html.erb (29.5ms)
  Rendered tasks/new.html.erb within layouts/application (31.2ms)
Completed 200 OK in 569ms (Views: 565.3ms | ActiveRecord: 0.6ms)


Started GET "/assets/events.css?body=1" for 127.0.0.1 at 2015-09-11 14:53:20 -0400


Started GET "/assets/scaffolds.css?body=1" for 127.0.0.1 at 2015-09-11 14:53:20 -0400


Started GET "/assets/application.css?body=1" for 127.0.0.1 at 2015-09-11 14:53:20 -0400


Started GET "/assets/tasks.css?body=1" for 127.0.0.1 at 2015-09-11 14:53:20 -0400


Started GET "/assets/jquery.js?body=1" for 127.0.0.1 at 2015-09-11 14:53:20 -0400


Started GET "/assets/jquery_ujs.js?body=1" for 127.0.0.1 at 2015-09-11 14:53:20 -0400


Started GET "/assets/turbolinks.js?body=1" for 127.0.0.1 at 2015-09-11 14:53:20 -0400


Started GET "/assets/events.js?body=1" for 127.0.0.1 at 2015-09-11 14:53:20 -0400


Started GET "/assets/tasks.js?body=1" for 127.0.0.1 at 2015-09-11 14:53:20 -0400


Started GET "/assets/application.js?body=1" for 127.0.0.1 at 2015-09-11 14:53:20 -0400


Started GET "/tasks/new" for 127.0.0.1 at 2015-09-11 14:54:17 -0400
  [1m[36mActiveRecord::SchemaMigration Load (0.2ms)[0m  [1mSELECT "schema_migrations".* FROM "schema_migrations"[0m
Processing by TasksController#new as HTML
  Rendered tasks/_form.html.erb (23.7ms)
  Rendered tasks/new.html.erb within layouts/application (28.2ms)
Completed 200 OK in 139ms (Views: 122.7ms | ActiveRecord: 0.4ms)


Started GET "/assets/turbolinks.js?body=1" for 127.0.0.1 at 2015-09-11 14:54:17 -0400


Started GET "/assets/application.js?body=1" for 127.0.0.1 at 2015-09-11 14:54:17 -0400


Started GET "/assets/events.css?body=1" for 127.0.0.1 at 2015-09-11 14:54:17 -0400


Started GET "/assets/tasks.css?body=1" for 127.0.0.1 at 2015-09-11 14:54:17 -0400


Started GET "/assets/scaffolds.css?body=1" for 127.0.0.1 at 2015-09-11 14:54:17 -0400


Started GET "/assets/jquery.js?body=1" for 127.0.0.1 at 2015-09-11 14:54:17 -0400


Started GET "/assets/application.css?body=1" for 127.0.0.1 at 2015-09-11 14:54:17 -0400


Started GET "/assets/jquery_ujs.js?body=1" for 127.0.0.1 at 2015-09-11 14:54:18 -0400


Started GET "/assets/events.js?body=1" for 127.0.0.1 at 2015-09-11 14:54:18 -0400


Started GET "/assets/tasks.js?body=1" for 127.0.0.1 at 2015-09-11 14:54:18 -0400


Started GET "/tasks" for 127.0.0.1 at 2015-09-11 14:54:34 -0400
Processing by TasksController#index as HTML
  [1m[35mTask Load (0.2ms)[0m  SELECT "tasks".* FROM "tasks"
  Rendered tasks/index.html.erb within layouts/application (1.9ms)
Completed 200 OK in 65ms (Views: 64.4ms | ActiveRecord: 0.2ms)


Started GET "/tasks/new" for 127.0.0.1 at 2015-09-11 14:54:39 -0400
Processing by TasksController#new as HTML
  Rendered tasks/_form.html.erb (3.9ms)
  Rendered tasks/new.html.erb within layouts/application (5.5ms)
Completed 200 OK in 61ms (Views: 60.8ms | ActiveRecord: 0.0ms)


Started POST "/tasks" for 127.0.0.1 at 2015-09-11 14:55:02 -0400
Processing by TasksController#create as HTML
  Parameters: {"utf8"=>"✓", "authenticity_token"=>"jN+lyfKZBYWaEeMl7raXyZJQpEViBsVVk1hI9wt7loA=", "task"=>{"event_id"=>"12", "name"=>"dfsafdsf", "description"=>"adsfsd", "is_complete"=>"0"}, "commit"=>"Create Task"}
  [1m[36m (0.1ms)[0m  [1mbegin transaction[0m
  [1m[35mSQL (0.3ms)[0m  INSERT INTO "tasks" ("created_at", "description", "event_id", "is_complete", "name", "updated_at") VALUES (?, ?, ?, ?, ?, ?)  [["created_at", "2015-09-11 18:55:02.551813"], ["description", "adsfsd"], ["event_id", 12], ["is_complete", "f"], ["name", "dfsafdsf"], ["updated_at", "2015-09-11 18:55:02.551813"]]
  [1m[36m (16.1ms)[0m  [1mcommit transaction[0m
Redirected to http://localhost:3000/tasks/1
Completed 302 Found in 32ms (ActiveRecord: 16.6ms)


Started GET "/tasks/1" for 127.0.0.1 at 2015-09-11 14:55:02 -0400
Processing by TasksController#show as HTML
  Parameters: {"id"=>"1"}
  [1m[35mTask Load (0.2ms)[0m  SELECT  "tasks".* FROM "tasks"  WHERE "tasks"."id" = ? LIMIT 1  [["id", 1]]
  Rendered tasks/show.html.erb within layouts/application (1.2ms)
Completed 200 OK in 88ms (Views: 85.2ms | ActiveRecord: 0.2ms)


Started GET "/assets/events.css?body=1" for 127.0.0.1 at 2015-09-11 14:55:02 -0400


Started GET "/assets/scaffolds.css?body=1" for 127.0.0.1 at 2015-09-11 14:55:02 -0400


Started GET "/assets/tasks.css?body=1" for 127.0.0.1 at 2015-09-11 14:55:02 -0400


Started GET "/assets/application.css?body=1" for 127.0.0.1 at 2015-09-11 14:55:02 -0400


Started GET "/assets/jquery.js?body=1" for 127.0.0.1 at 2015-09-11 14:55:02 -0400


Started GET "/assets/jquery_ujs.js?body=1" for 127.0.0.1 at 2015-09-11 14:55:02 -0400


Started GET "/assets/turbolinks.js?body=1" for 127.0.0.1 at 2015-09-11 14:55:02 -0400


Started GET "/assets/events.js?body=1" for 127.0.0.1 at 2015-09-11 14:55:02 -0400


Started GET "/assets/tasks.js?body=1" for 127.0.0.1 at 2015-09-11 14:55:02 -0400


Started GET "/assets/application.js?body=1" for 127.0.0.1 at 2015-09-11 14:55:02 -0400


Started GET "/tasks" for 127.0.0.1 at 2015-09-11 14:55:05 -0400
Processing by TasksController#index as HTML
  [1m[36mTask Load (0.3ms)[0m  [1mSELECT "tasks".* FROM "tasks"[0m
  Rendered tasks/index.html.erb within layouts/application (2.4ms)
Completed 200 OK in 70ms (Views: 68.9ms | ActiveRecord: 0.3ms)


Started GET "/" for 10.0.2.2 at 2015-09-13 15:55:22 -0400
  [1m[36mActiveRecord::SchemaMigration Load (3.6ms)[0m  [1mSELECT "schema_migrations".* FROM "schema_migrations"[0m
Processing by Rails::WelcomeController#index as HTML
  Rendered /opt/rbenv/versions/2.0.0-p353/lib/ruby/gems/2.0.0/gems/railties-4.1.1/lib/rails/templates/rails/welcome/index.html.erb (13.2ms)
Completed 200 OK in 119ms (Views: 71.0ms | ActiveRecord: 0.0ms)


Started GET "/" for 10.0.2.2 at 2015-09-13 16:00:24 -0400
  [1m[36mActiveRecord::SchemaMigration Load (3.2ms)[0m  [1mSELECT "schema_migrations".* FROM "schema_migrations"[0m
Processing by Rails::WelcomeController#index as HTML
  Rendered /opt/rbenv/versions/2.0.0-p353/lib/ruby/gems/2.0.0/gems/railties-4.1.1/lib/rails/templates/rails/welcome/index.html.erb (14.4ms)
Completed 200 OK in 104ms (Views: 65.0ms | ActiveRecord: 0.0ms)
